[    0.000000] Linux version 4.15.0-76-generic (buildd@lcy01-amd64-029) (gcc version 7.4.0 (Ubuntu 7.4.0-1ubuntu1~18.04.1)) #86-Ubuntu SMP Fri Jan 17 17:24:28 UTC 2020 (Ubuntu 4.15.0-76.86-generic 4.15.18)
[    0.000000] Command line: BOOT_IMAGE=/boot/vmlinuz-4.15.0-76-generic root=LABEL=cloudimg-rootfs ro console=tty1 console=ttyS0
[    0.000000] KERNEL supported cpus:
[    0.000000]   Intel GenuineIntel
[    0.000000]   AMD AuthenticAMD
[    0.000000]   Centaur CentaurHauls
[    0.000000] x86/fpu: Supporting XSAVE feature 0x001: 'x87 floating point registers'
[    0.000000] x86/fpu: Supporting XSAVE feature 0x002: 'SSE registers'
[    0.000000] x86/fpu: Supporting XSAVE feature 0x004: 'AVX registers'
[    0.000000] x86/fpu: xstate_offset[2]:  576, xstate_sizes[2]:  256
[    0.000000] x86/fpu: Enabled xstate features 0x7, context size is 832 bytes, using 'standard' format.
[    0.000000] e820: BIOS-provided physical RAM map:
[    0.000000] BIOS-e820: [mem 0x0000000000000000-0x000000000009fbff] usable
[    0.000000] BIOS-e820: [mem 0x000000000009fc00-0x000000000009ffff] reserved
[    0.000000] BIOS-e820: [mem 0x00000000000f0000-0x00000000000fffff] reserved
[    0.000000] BIOS-e820: [mem 0x0000000000100000-0x000000001ffeffff] usable
[    0.000000] BIOS-e820: [mem 0x000000001fff0000-0x000000001fffffff] ACPI data
[    0.000000] BIOS-e820: [mem 0x00000000fec00000-0x00000000fec00fff] reserved
[    0.000000] BIOS-e820: [mem 0x00000000fee00000-0x00000000fee00fff] reserved
[    0.000000] BIOS-e820: [mem 0x00000000fffc0000-0x00000000ffffffff] reserved
[    0.000000] NX (Execute Disable) protection: active
[    0.000000] SMBIOS 2.5 present.
[    0.000000] DMI: innotek GmbH VirtualBox/VirtualBox, BIOS VirtualBox 12/01/2006
[    0.000000] Hypervisor detected: KVM
[    0.000000] e820: last_pfn = 0x1fff0 max_arch_pfn = 0x400000000
[    0.000000] MTRR: Disabled
[    0.000000] x86/PAT: MTRRs disabled, skipping PAT initialization too.
[    0.000000] CPU MTRRs all blank - virtualized system.
[    0.000000] x86/PAT: Configuration [0-7]: WB  WT  UC- UC  WB  WT  UC- UC  
[    0.000000] found SMP MP-table at [mem 0x0009fff0-0x0009ffff]
[    0.000000] Scanning 1 areas for low memory corruption
[    0.000000] RAMDISK: [mem 0x1dbb1000-0x1ee70fff]
[    0.000000] ACPI: Early table checksum verification disabled
[    0.000000] ACPI: RSDP 0x00000000000E0000 000024 (v02 VBOX  )
[    0.000000] ACPI: XSDT 0x000000001FFF0030 00003C (v01 VBOX   VBOXXSDT 00000001 ASL  00000061)
[    0.000000] ACPI: FACP 0x000000001FFF00F0 0000F4 (v04 VBOX   VBOXFACP 00000001 ASL  00000061)
[    0.000000] ACPI: DSDT 0x000000001FFF0470 0022EA (v02 VBOX   VBOXBIOS 00000002 INTL 20180105)
[    0.000000] ACPI: FACS 0x000000001FFF0200 000040
[    0.000000] ACPI: FACS 0x000000001FFF0200 000040
[    0.000000] ACPI: APIC 0x000000001FFF0240 000054 (v02 VBOX   VBOXAPIC 00000001 ASL  00000061)
[    0.000000] ACPI: SSDT 0x000000001FFF02A0 0001CC (v01 VBOX   VBOXCPUT 00000002 INTL 20180105)
[    0.000000] No NUMA configuration found
[    0.000000] Faking a node at [mem 0x0000000000000000-0x000000001ffeffff]
[    0.000000] NODE_DATA(0) allocated [mem 0x1ffc5000-0x1ffeffff]
[    0.000000] kvm-clock: cpu 0, msr 0:1ff44001, primary cpu clock
[    0.000000] kvm-clock: Using msrs 4b564d01 and 4b564d00
[    0.000000] kvm-clock: using sched offset of 5347624873 cycles
[    0.000000] clocksource: kvm-clock: mask: 0xffffffffffffffff max_cycles: 0x1cd42e4dffb, max_idle_ns: 881590591483 ns
[    0.000000] Zone ranges:
[    0.000000]   DMA      [mem 0x0000000000001000-0x0000000000ffffff]
[    0.000000]   DMA32    [mem 0x0000000001000000-0x000000001ffeffff]
[    0.000000]   Normal   empty
[    0.000000]   Device   empty
[    0.000000] Movable zone start for each node
[    0.000000] Early memory node ranges
[    0.000000]   node   0: [mem 0x0000000000001000-0x000000000009efff]
[    0.000000]   node   0: [mem 0x0000000000100000-0x000000001ffeffff]
[    0.000000] Reserved but unavailable: 98 pages
[    0.000000] Initmem setup node 0 [mem 0x0000000000001000-0x000000001ffeffff]
[    0.000000] ACPI: PM-Timer IO Port: 0x4008
[    0.000000] IOAPIC[0]: apic_id 1, version 32, address 0xfec00000, GSI 0-23
[    0.000000] ACPI: INT_SRC_OVR (bus 0 bus_irq 0 global_irq 2 dfl dfl)
[    0.000000] ACPI: INT_SRC_OVR (bus 0 bus_irq 9 global_irq 9 low level)
[    0.000000] Using ACPI (MADT) for SMP configuration information
[    0.000000] smpboot: Allowing 1 CPUs, 0 hotplug CPUs
[    0.000000] PM: Registered nosave memory: [mem 0x00000000-0x00000fff]
[    0.000000] PM: Registered nosave memory: [mem 0x0009f000-0x0009ffff]
[    0.000000] PM: Registered nosave memory: [mem 0x000a0000-0x000effff]
[    0.000000] PM: Registered nosave memory: [mem 0x000f0000-0x000fffff]
[    0.000000] e820: [mem 0x20000000-0xfebfffff] available for PCI devices
[    0.000000] Booting paravirtualized kernel on KVM
[    0.000000] clocksource: refined-jiffies: mask: 0xffffffff max_cycles: 0xffffffff, max_idle_ns: 7645519600211568 ns
[    0.000000] random: get_random_bytes called from start_kernel+0x99/0x4fd with crng_init=0
[    0.000000] setup_percpu: NR_CPUS:8192 nr_cpumask_bits:1 nr_cpu_ids:1 nr_node_ids:1
[    0.000000] percpu: Embedded 45 pages/cpu s147456 r8192 d28672 u2097152
[    0.000000] PV qspinlock hash table entries: 256 (order: 0, 4096 bytes)
[    0.000000] Built 1 zonelists, mobility grouping on.  Total pages: 128889
[    0.000000] Policy zone: DMA32
[    0.000000] Kernel command line: BOOT_IMAGE=/boot/vmlinuz-4.15.0-76-generic root=LABEL=cloudimg-rootfs ro console=tty1 console=ttyS0
[    0.000000] Memory: 467164K/523832K available (12300K kernel code, 2481K rwdata, 4260K rodata, 2428K init, 2704K bss, 56668K reserved, 0K cma-reserved)
[    0.000000] SLUB: HWalign=64, Order=0-3, MinObjects=0, CPUs=1, Nodes=1
[    0.000000] Kernel/User page tables isolation: enabled
[    0.000000] ftrace: allocating 39322 entries in 154 pages
[    0.004000] Hierarchical RCU implementation.
[    0.004000] 	RCU restricting CPUs from NR_CPUS=8192 to nr_cpu_ids=1.
[    0.004000] 	Tasks RCU enabled.
[    0.004000] RCU: Adjusting geometry for rcu_fanout_leaf=16, nr_cpu_ids=1
[    0.004000] NR_IRQS: 524544, nr_irqs: 256, preallocated irqs: 16
[    0.004000] Console: colour VGA+ 80x25
[    0.004000] console [tty1] enabled
[    0.004000] console [ttyS0] enabled
[    0.004000] ACPI: Core revision 20170831
[    0.004000] ACPI: 2 ACPI AML tables successfully acquired and loaded
[    0.004000] APIC: Switch to symmetric I/O mode setup
[    0.004000] x2apic enabled
[    0.004000] Switched APIC routing to physical x2apic.
[    0.004000] ..TIMER: vector=0x30 apic1=0 pin1=2 apic2=-1 pin2=-1
[    0.004005] tsc: Detected 2399.794 MHz processor
[    0.004829] Calibrating delay loop (skipped) preset value.. 4799.58 BogoMIPS (lpj=9599176)
[    0.005473] pid_max: default: 32768 minimum: 301
[    0.008039] Security Framework initialized
[    0.008787] Yama: becoming mindful.
[    0.009517] AppArmor: AppArmor initialized
[    0.010490] Dentry cache hash table entries: 65536 (order: 7, 524288 bytes)
[    0.011791] Inode-cache hash table entries: 32768 (order: 6, 262144 bytes)
[    0.012012] Mount-cache hash table entries: 1024 (order: 1, 8192 bytes)
[    0.013378] Mountpoint-cache hash table entries: 1024 (order: 1, 8192 bytes)
[    0.016304] process: using mwait in idle threads
[    0.017141] Last level iTLB entries: 4KB 64, 2MB 8, 4MB 8
[    0.018093] Last level dTLB entries: 4KB 64, 2MB 0, 4MB 0, 1GB 4
[    0.019140] Spectre V1 : Mitigation: usercopy/swapgs barriers and __user pointer sanitization
[    0.020003] Spectre V2 : Mitigation: Full generic retpoline
[    0.020977] Spectre V2 : Spectre v2 / SpectreRSB mitigation: Filling RSB on context switch
[    0.022441] Speculative Store Bypass: Vulnerable
[    0.024055] MDS: Mitigation: Clear CPU buffers
[    0.041793] Freeing SMP alternatives memory: 36K
[    0.154235] smpboot: CPU0: Intel(R) Core(TM) i3-7100U CPU @ 2.40GHz (family: 0x6, model: 0x8e, stepping: 0x9)
[    0.156000] Performance Events: unsupported p6 CPU model 142 no PMU driver, software events only.
[    0.156000] Hierarchical SRCU implementation.
[    0.156691] NMI watchdog: Perf event create on CPU 0 failed with -2
[    0.157786] NMI watchdog: Perf NMI watchdog permanently disabled
[    0.158874] smp: Bringing up secondary CPUs ...
[    0.159699] smp: Brought up 1 node, 1 CPU
[    0.160003] smpboot: Max logical packages: 1
[    0.160790] smpboot: Total of 1 processors activated (4799.58 BogoMIPS)
[    0.162044] devtmpfs: initialized
[    0.162736] x86/mm: Memory block size: 128MB
[    0.164136] evm: security.selinux
[    0.164778] evm: security.SMACK64
[    0.165404] evm: security.SMACK64EXEC
[    0.166085] evm: security.SMACK64TRANSMUTE
[    0.166827] evm: security.SMACK64MMAP
[    0.167505] evm: security.apparmor
[    0.168004] evm: security.ima
[    0.168582] evm: security.capability
[    0.169378] clocksource: jiffies: mask: 0xffffffff max_cycles: 0xffffffff, max_idle_ns: 7645041785100000 ns
[    0.171056] futex hash table entries: 256 (order: 2, 16384 bytes)
[    0.172048] pinctrl core: initialized pinctrl subsystem
[    0.174504] RTC time: 16:21:47, date: 02/18/20
[    0.176105] NET: Registered protocol family 16
[    0.176993] audit: initializing netlink subsys (disabled)
[    0.178082] cpuidle: using governor ladder
[    0.180004] cpuidle: using governor menu
[    0.180767] ACPI: bus type PCI registered
[    0.181516] acpiphp: ACPI Hot Plug PCI Controller Driver version: 0.5
[    0.182722] PCI: Using configuration type 1 for base access
[    0.183736] audit: type=2000 audit(1582042914.069:1): state=initialized audit_enabled=0 res=1
[    0.185151] HugeTLB registered 2.00 MiB page size, pre-allocated 0 pages
[    0.186490] ACPI: Added _OSI(Module Device)
[    0.188005] ACPI: Added _OSI(Processor Device)
[    0.188816] ACPI: Added _OSI(3.0 _SCP Extensions)
[    0.189654] ACPI: Added _OSI(Processor Aggregator Device)
[    0.190802] ACPI: Added _OSI(Linux-Dell-Video)
[    0.192009] ACPI: Added _OSI(Linux-Lenovo-NV-HDMI-Audio)
[    0.193136] ACPI: Added _OSI(Linux-HPI-Hybrid-Graphics)
[    0.194585] ACPI: Executed 1 blocks of module-level executable AML code
[    0.201807] ACPI: Interpreter enabled
[    0.202795] ACPI: (supports S0 S5)
[    0.203566] ACPI: Using IOAPIC for interrupt routing
[    0.204325] PCI: Using host bridge windows from ACPI; if necessary, use "pci=nocrs" and report a bug
[    0.206694] ACPI: Enabled 2 GPEs in block 00 to 07
[    0.215141] ACPI: PCI Root Bridge [PCI0] (domain 0000 [bus 00-ff])
[    0.216019] acpi PNP0A03:00: _OSC: OS supports [ASPM ClockPM Segments MSI]
[    0.218477] acpi PNP0A03:00: _OSC: not requesting OS control; OS requires [ExtendedConfig ASPM ClockPM MSI]
[    0.220034] acpi PNP0A03:00: fail to add MMCONFIG information, can't access extended PCI configuration space under this bridge.
[    0.224496] PCI host bridge to bus 0000:00
[    0.225525] pci_bus 0000:00: root bus resource [io  0x0000-0x0cf7 window]
[    0.227104] pci_bus 0000:00: root bus resource [io  0x0d00-0xffff window]
[    0.228010] pci_bus 0000:00: root bus resource [mem 0x000a0000-0x000bffff window]
[    0.232016] pci_bus 0000:00: root bus resource [mem 0x20000000-0xfdffffff window]
[    0.236011] pci_bus 0000:00: root bus resource [bus 00-ff]
[    0.240494] pci 0000:00:01.1: legacy IDE quirk: reg 0x10: [io  0x01f0-0x01f7]
[    0.241988] pci 0000:00:01.1: legacy IDE quirk: reg 0x14: [io  0x03f6]
[    0.243356] pci 0000:00:01.1: legacy IDE quirk: reg 0x18: [io  0x0170-0x0177]
[    0.244007] pci 0000:00:01.1: legacy IDE quirk: reg 0x1c: [io  0x0376]
[    0.261245] pci 0000:00:07.0: quirk: [io  0x4000-0x403f] claimed by PIIX4 ACPI
[    0.262997] pci 0000:00:07.0: quirk: [io  0x4100-0x410f] claimed by PIIX4 SMB
[    0.273420] ACPI: PCI Interrupt Link [LNKA] (IRQs 5 9 10 *11)
[    0.275394] ACPI: PCI Interrupt Link [LNKB] (IRQs 5 9 *10 11)
[    0.276156] ACPI: PCI Interrupt Link [LNKC] (IRQs 5 *9 10 11)
[    0.277626] ACPI: PCI Interrupt Link [LNKD] (IRQs 5 9 10 *11)
[    0.280248] SCSI subsystem initialized
[    0.281316] pci 0000:00:02.0: vgaarb: setting as boot VGA device
[    0.282775] pci 0000:00:02.0: vgaarb: VGA device added: decodes=io+mem,owns=io+mem,locks=none
[    0.284010] pci 0000:00:02.0: vgaarb: bridge control possible
[    0.285419] vgaarb: loaded
[    0.286192] ACPI: bus type USB registered
[    0.287208] usbcore: registered new interface driver usbfs
[    0.288029] usbcore: registered new interface driver hub
[    0.289361] usbcore: registered new device driver usb
[    0.290898] EDAC MC: Ver: 3.0.0
[    0.292487] PCI: Using ACPI for IRQ routing
[    0.295846] NetLabel: Initializing
[    0.296006] NetLabel:  domain hash size = 128
[    0.297150] NetLabel:  protocols = UNLABELED CIPSOv4 CALIPSO
[    0.300041] NetLabel:  unlabeled traffic allowed by default
[    0.301475] clocksource: Switched to clocksource kvm-clock
[    0.318494] VFS: Disk quotas dquot_6.6.0
[    0.319712] VFS: Dquot-cache hash table entries: 512 (order 0, 4096 bytes)
[    0.321513] AppArmor: AppArmor Filesystem Enabled
[    0.322597] pnp: PnP ACPI init
[    0.324444] pnp: PnP ACPI: found 3 devices
[    0.331130] clocksource: acpi_pm: mask: 0xffffff max_cycles: 0xffffff, max_idle_ns: 2085701024 ns
[    0.334156] NET: Registered protocol family 2
[    0.335596] TCP established hash table entries: 4096 (order: 3, 32768 bytes)
[    0.337486] TCP bind hash table entries: 4096 (order: 4, 65536 bytes)
[    0.339123] TCP: Hash tables configured (established 4096 bind 4096)
[    0.340779] UDP hash table entries: 256 (order: 1, 8192 bytes)
[    0.342282] UDP-Lite hash table entries: 256 (order: 1, 8192 bytes)
[    0.343902] NET: Registered protocol family 1
[    0.345196] pci 0000:00:00.0: Limiting direct PCI/PCI transfers
[    0.346969] pci 0000:00:01.0: Activating ISA DMA hang workarounds
[    0.348328] pci 0000:00:02.0: Video device with shadowed ROM at [mem 0x000c0000-0x000dffff]
[    0.349922] Unpacking initramfs...
[    0.728720] Freeing initrd memory: 19200K
[    0.729792] clocksource: tsc: mask: 0xffffffffffffffff max_cycles: 0x229774e3eb6, max_idle_ns: 440795300413 ns
[    0.731902] platform rtc_cmos: registered platform RTC device (no PNP device found)
[    0.733598] Scanning for low memory corruption every 60 seconds
[    0.735204] Initialise system trusted keyrings
[    0.737350] Key type blacklist registered
[    0.739493] workingset: timestamp_bits=36 max_order=17 bucket_order=0
[    0.741712] zbud: loaded
[    0.742763] squashfs: version 4.0 (2009/01/31) Phillip Lougher
[    0.743945] fuse init (API version 7.26)
[    0.745509] Key type asymmetric registered
[    0.746375] Asymmetric key parser 'x509' registered
[    0.747678] Block layer SCSI generic (bsg) driver version 0.4 loaded (major 246)
[    0.749731] io scheduler noop registered
[    0.750741] io scheduler deadline registered
[    0.751874] io scheduler cfq registered (default)
[    0.753583] ACPI: AC Adapter [AC] (on-line)
[    0.754699] input: Power Button as /devices/LNXSYSTM:00/LNXPWRBN:00/input/input0
[    0.756541] ACPI: Power Button [PWRF]
[    0.757866] input: Sleep Button as /devices/LNXSYSTM:00/LNXSLPBN:00/input/input1
[    0.760892] ACPI: Sleep Button [SLPF]
[    0.762302] Serial: 8250/16550 driver, 32 ports, IRQ sharing enabled
[    0.786331] 00:02: ttyS0 at I/O 0x3f8 (irq = 4, base_aud = 115200) is a 16550A
    0.790623] Linux agpgart interface v0.103
[    0.793190] loop: module loaded
[    0.794308] scsi host0: ata_piix
[    0.795003] scsi host1: ata_piix
[    0.795674] ata1: PATA max UDMA/33 cmd 0x1f0 ctl 0x3f6 bmdma 0xd000 irq 14
[    0.796898] ata2: PATA max UDMA/33 cmd 0x170 ctl 0x376 bmdma 0xd008 irq 15
[    0.798705] libphy: Fixed MDIO Bus: probed
[    0.799758] tun: Universal TUN/TAP device driver, 1.6
[    0.801146] PPP generic driver version 2.4.2
[    0.802124] ehci_hcd: USB 2.0 'Enhanced' Host Controller (EHCI) Driver
[    0.803493] ehci-pci: EHCI PCI platform driver
[    0.804511] ehci-platform: EHCI generic platform driver
[    0.805623] ohci_hcd: USB 1.1 'Open' Host Controller (OHCI) Driver
[    0.806896] ohci-pci: OHCI PCI platform driver
[    0.807866] ohci-platform: OHCI generic platform driver
[    0.809165] uhci_hcd: USB Universal Host Controller Interface driver
[    0.810589] i8042: PNP: PS/2 Controller [PNP0303:PS2K,PNP0f03:PS2M] at 0x60,0x64 irq 1,12
[    0.812816] serio: i8042 KBD port at 0x60,0x64 irq 1
[    0.813904] serio: i8042 AUX port at 0x60,0x64 irq 12
[    0.815051] mousedev: PS/2 mouse device common for all mice
[    0.816500] input: AT Translated Set 2 keyboard as /devices/platform/i8042/serio0/input/input2
[    0.818794] rtc_cmos rtc_cmos: rtc core: registered rtc_cmos as rtc0
[    0.820222] rtc_cmos rtc_cmos: alarms up to one day, 114 bytes nvram
[    0.821539] i2c /dev entries driver
[    0.822369] device-mapper: uevent: version 1.0.3
[    0.823435] device-mapper: ioctl: 4.37.0-ioctl (2017-09-20) initialised: dm-devel@redhat.com
[    0.825270] ledtrig-cpu: registered to indicate activity on CPUs
[    0.826652] intel_pmc_core:  initialized
[    0.827712] NET: Registered protocol family 10
[    0.832056] Segment Routing with IPv6
[    0.832971] NET: Registered protocol family 17
[    0.833972] Key type dns_resolver registered
[    0.835008] mce: Using 0 MCE banks
[    0.835783] RAS: Correctable Errors collector initialized.
[    0.836998] sched_clock: Marking stable (836967458, 0)->(1034011140, -197043682)
[    0.838704] registered taskstats version 1
[    0.839840] Loading compiled-in X.509 certificates
[    0.843228] Loaded X.509 cert 'Build time autogenerated kernel key: 665cd2b89e03521f57c41865f552ebce30a0c7fb'
[    0.845408] zswap: loaded using pool lzo/zbud
[    0.849587] Key type big_key registered
[    0.850466] Key type trusted registered
[    0.852894] Key type encrypted registered
[    0.853795] AppArmor: AppArmor sha1 policy hashing enabled
[    0.854958] ima: No TPM chip found, activating TPM-bypass! (rc=-19)
[    0.856258] ima: Allocated hash algorithm: sha1
[    0.857310] evm: HMAC attrs: 0x1
[    0.858299]   Magic number: 8:846:388
[    0.859182] rtc_cmos rtc_cmos: setting system clock to 2020-02-18 16:21:48 UTC (1582042908)
[    0.861118] BIOS EDD facility v0.16 2004-Jun-25, 0 devices found
[    0.862361] EDD information not available.
[    0.962955] Freeing unused kernel image memory: 2428K
[    0.972112] Write protecting the kernel read-only data: 20480k
[    0.974252] Freeing unused kernel image memory: 2008K
[    0.976084] Freeing unused kernel image memory: 1884K
[    0.990424] x86/mm: Checked W+X mappings: passed, no W+X pages found.
[    0.991672] x86/mm: Checking user space page tables
[    1.001662] x86/mm: Checked W+X mappings: passed, no W+X pages found.
Loading, please wait...
starting version 237
[    1.133061] e1000: Intel(R) PRO/1000 Network Driver - version 7.3.21-k8-NAPI
[    1.134402] e1000: Copyright (c) 1999-2006 Intel Corporation.
[    1.140421] Fusion MPT base driver 3.04.20
[    1.141360] Copyright (c) 1999-2008 LSI Corporation
[    1.170469] Fusion MPT SPI Host driver 3.04.20
[    1.219025] AVX2 version of gcm_enc/dec engaged.
[    1.220080] AES CTR mode by8 optimization enabled
[    1.349814] input: ImExPS/2 Generic Explorer Mouse as /devices/platform/i8042/serio1/input/input4
[    1.594326] e1000 0000:00:03.0 eth0: (PCI:33MHz:32-bit) 02:b4:6b:8c:b8:1a
[    1.596458] e1000 0000:00:03.0 eth0: Intel(R) PRO/1000 Network Connection
[    1.600819] mptbase: ioc0: Initiating bringup
[    1.696280] ioc0: LSI53C1030 A0: Capabilities={Initiator}
[    1.944736] scsi host2: ioc0: LSI53C1030 A0, FwRev=00000000h, Ports=1, MaxQ=256, IRQ=20
[    2.112950] scsi 2:0:0:0: Direct-Access     VBOX     HARDDISK         1.0  PQ: 0 ANSI: 5
[    2.122874] scsi target2:0:0: Beginning Domain Validation
[    2.132589] random: fast init done
[    2.135147] scsi target2:0:0: Domain Validation skipping write tests
[    2.140883] scsi target2:0:0: Ending Domain Validation
[    2.144488] scsi target2:0:0: asynchronous
[    2.148799] scsi 2:0:1:0: Direct-Access     VBOX     HARDDISK         1.0  PQ: 0 ANSI: 5
[    2.157390] scsi target2:0:1: Beginning Domain Validation
[    2.216527] scsi target2:0:1: Domain Validation skipping write tests
[    2.218420] scsi target2:0:1: Ending Domain Validation
[    2.224130] scsi target2:0:1: asynchronous
[    2.301321] sd 2:0:0:0: [sda] 20971520 512-byte logical blocks: (10.7 GB/10.0 GiB)
[    2.303235] sd 2:0:0:0: [sda] Write Protect is off
[    2.304395] sd 2:0:0:0: Attached scsi generic sg0 type 0
[    2.305885] sd 2:0:0:0: [sda] Incomplete mode parameter data
[    2.307338] sd 2:0:0:0: [sda] Assuming drive cache: write through
[    2.309509] sd 2:0:1:0: [sdb] 20480 512-byte logical blocks: (10.5 MB/10.0 MiB)
[    2.311137] sd 2:0:1:0: [sdb] Write Protect is off
[    2.312182] random: systemd-udevd: uninitialized urandom read (16 bytes read)
[    2.313680] sd 2:0:1:0: [sdb] Incomplete mode parameter data
[    2.314703] sd 2:0:1:0: [sdb] Assuming drive cache: write through
[    2.315830] sd 2:0:1:0: Attached scsi generic sg1 type 0
[    2.317009] random: systemd-udevd: uninitialized urandom read (16 bytes read)
[    2.318301] random: systemd-udevd: uninitialized urandom read (16 bytes read)
[    2.360025]  sda: sda1
[    2.361196] sd 2:0:0:0: [sda] Attached SCSI disk
[    2.375850] sd 2:0:1:0: [sdb] Attached SCSI disk
[    2.578060] e1000 0000:00:08.0 eth1: (PCI:33MHz:32-bit) 08:00:27:b7:89:d7
[    2.579866] e1000 0000:00:08.0 eth1: Intel(R) PRO/1000 Network Connection
[    2.583497] e1000 0000:00:08.0 enp0s8: renamed from eth1
[    2.600351] e1000 0000:00:03.0 enp0s3: renamed from eth0
Begin: Loading essential drivers ... [    4.168477] raid6: sse2x1   gen()  8311 MB/s
[    4.228482] raid6: sse2x1   xor()  6723 MB/s
[    4.288519] raid6: sse2x2   gen() 11534 MB/s
[    4.348481] raid6: sse2x2   xor()  7737 MB/s
[    4.408518] raid6: sse2x4   gen() 13246 MB/s
[    4.466542] raid6: sse2x4   xor()  7880 MB/s
[    4.518536] raid6: avx2x1   gen() 18463 MB/s
[    4.578553] raid6: avx2x1   xor() 12935 MB/s
[    4.638563] raid6: avx2x2   gen() 19659 MB/s
[    4.698530] raid6: avx2x2   xor() 13152 MB/s
[    4.758571] raid6: avx2x4   gen() 25778 MB/s
[    4.818549] raid6: avx2x4   xor() 15874 MB/s
[    4.819502] raid6: using algorithm avx2x4 gen() 25778 MB/s
[    4.820628] raid6: .... xor() 15874 MB/s, rmw enabled
[    4.821544] raid6: using avx2x2 recovery algorithm
[    4.824635] xor: automatically using best checksumming function   avx       
[    4.827930] async_tx: api initialized (async)
done.
Begin: Running /scripts/init-premount ... done.
Begin: Mounting root file system ... Begin: Running /scripts/local-top ... done.
Begin: Running /scripts/local-premount ... [    4.914250] Btrfs loaded, crc32c=crc32c-intel
Scanning for Btrfs filesystems
done.
Warning: fsck not present, so skipping root file system
[    4.960307] EXT4-fs (sda1): mounted filesystem with ordered data mode. Opts: (null)
done.
Begin: Running /scripts/local-bottom ... done.
Begin: Running /scripts/init-bottom ... done.
[    5.205957] ip_tables: (C) 2000-2006 Netfilter Core Team
[    5.221955] systemd[1]: systemd 237 running in system mode. (+PAM +AUDIT +SELINUX +IMA +APPARMOR +SMACK +SYSVINIT +UTMP +LIBCRYPTSETUP +GCRYPT +GNUTLS +ACL +XZ +LZ4 +SECCOMP +BLKID +ELFUTILS +KMOD -IDN2 +IDN -PCRE2 default-hierarchy=hybrid)
[    5.226254] systemd[1]: Detected virtualization oracle.
[    5.227325] systemd[1]: Detected architecture x86-64.

Welcome to [1mUbuntu 18.04.4 LTS[0m!

[    5.232417] systemd[1]: Set hostname to <ubuntu>.
[    5.240314] systemd[1]: Initializing machine ID from random generator.
[    5.241687] systemd[1]: Installed transient /etc/machine-id file.
[    5.696376] systemd[1]: Reached target User and Group Name Lookups.
[[0;32m  OK  [0m] Reached target User and Group Name Lookups.
[    5.701702] systemd[1]: Created slice User and Session Slice.
[[0;32m  OK  [0m] Created slice User and Session Slice.
[    5.706224] systemd[1]: Set up automount Arbitrary Executable File Formats File System Automount Point.
[[0;32m  OK  [0m] Set up automount Arbitrary Executab…rmats File System Automount Point.
[    5.711855] systemd[1]: Reached target System Time Synchronized.
[[0;32m  OK  [0m] Reached target System Time Synchronized.
[[0;32m  OK  [0m] Reached target Swap.
[[0;32m  OK  [0m] Started Forward Password Requests to Wall Directory Watch.
[[0;32m  OK  [0m] Created slice System Slice.
[[0;32m  OK  [0m] Listening on udev Kernel Socket.
[[0;32m  OK  [0m] Listening on /dev/initctl Compatibility Named Pipe.
[[0;32m  OK  [0m] Listening on Syslog Socket.
[[0;32m  OK  [0m] Listening on Network Service Netlink Socket.
[[0;32m  OK  [0m] Listening on Journal Audit Socket.
[[0;32m  OK  [0m] Listening on LVM2 metadata daemon socket.
[[0;32m  OK  [0m] Listening on Journal Socket.
         Starting Remount Root and Kernel File Systems...
         Starting Load Kernel Modules...
         Starting Set the console keyboard layout...
         Starting Create list of required st…ce nodes for the current kernel...
[[0;32m  OK  [0m] Reached target Slices.
[[0;32m  OK  [0m] Listening on LVM2 poll daemon socket.
         Mounting Huge Pages File System...
[[0;32m  OK  [0m] Listening on Journal Socket (/dev/log).
         Mounting Kernel Debug File System...
[[0;32m  OK  [0m] Created slice system-serial\x2dgetty.slice.
         Mounting POSIX Message Queue File System...
[    5.758939] Loading iSCSI transport class v2.0-870.
[[0;32m  OK  [0m] Listening on Device-mapper event daemon FIFOs.
         Starting Monitoring of LVM2 mirrors…ng dmeventd or progress polling...
[    5.770410] iscsi: registered transport (tcp)
[[0;32m  OK  [0m] Listening on udev Control Socket.
         Starting udev Coldplug all Devices...
         Starting Journal Service...
         Starting Uncomplicated firewall...
[[0;32m  OK  [0m] Started Create list of required sta…vice nodes for the current kernel.
         Starting Create Static Device Nodes in /dev...
[[0;32m  OK  [0m] Mounted Kernel Debug File System.
[[0;32m  OK  [0m] Mounted Huge Pages File System.
[    5.828220] EXT4-fs (sda1): re-mounted. Opts: (null)
[[0;32m  OK  [0m] Mounted POSIX Message Queue File System.
[[0;32m  OK  [0m] Started Remount Root and Kernel File Systems.
         Starting Load/Save Random Seed...
[    5.866370] iscsi: registered transport (iser)
[[0;32m  OK  [0m] Started Load Kernel Modules.
[[0;32m  OK  [0m] Started Uncomplicated firewall.
         Starting Apply Kernel Variables...
         Mounting Kernel Configuration File System...
         Mounting FUSE Control File System...
[[0;32m  OK  [0m] Mounted Kernel Configuration File System.
[[0;32m  OK  [0m] Mounted FUSE Control File System.
[    6.417581] random: crng init done
[    6.418710] random: 7 urandom warning(s) missed due to ratelimiting
[[0;32m  OK  [0m] Started Journal Service.
         Starting Flush Journal to Persistent Storage...
[[0;32m  OK  [0m] Started Load/Save Random Seed.
[[0;32m  OK  [0m] Started udev Coldplug all Devices.
[[0;32m  OK  [0m] Started Create Static Device Nodes in /dev.
         Starting udev Kernel Device Manager...
[    6.723256] systemd-journald[399]: Received request to flush runtime journal from PID 1
[[0;32m  OK  [0m] Started LVM2 metadata daemon.
[[0;32m  OK  [0m] Started Apply Kernel Variables.
[[0;32m  OK  [0m] Started Monitoring of LVM2 mirrors,…sing dmeventd or progress polling.
[[0;32m  OK  [0m] Started Flush Journal to Persistent Storage.
[[0;32m  OK  [0m] Started udev Kernel Device Manager.
[[0;32m  OK  [0m] Found device /dev/ttyS0.
[[0;32m  OK  [0m] Listening on Load/Save RF Kill Switch Status /dev/rfkill Watch.
[[0;32m  OK  [0m] Started Set the console keyboard layout.
[[0;32m  OK  [0m] Reached target Local File Systems (Pre).
[[0;32m  OK  [0m] Reached target Local File Systems.
         Starting AppArmor initialization...
         Starting ebtables ruleset management...
         Starting Set console font and keymap...
         Starting Tell Plymouth To Write Out Runtime Data...
         Starting Commit a transient machine-id on disk...
         Starting Create Volatile Files and Directories...
[[0;32m  OK  [0m] Started Dispatch Password Requests to Console Directory Watch.
[[0;32m  OK  [0m] Reached target Local Encrypted Volumes.
[[0;32m  OK  [0m] Started Set console font and keymap.
[[0;32m  OK  [0m] Started Tell Plymouth To Write Out Runtime Data.
[[0;32m  OK  [0m] Started Commit a transient machine-id on disk.
[[0;32m  OK  [0m] Started Create Volatile Files and Directories.
         Starting Update UTMP about System Boot/Shutdown...
[[0;32m  OK  [0m] Started Update UTMP about System Boot/Shutdown.
[[0;32m  OK  [0m] Started ebtables ruleset management.
[[0;32m  OK  [0m] Started AppArmor initialization.
         Starting Initial cloud-init job (pre-networking)...
[   17.875007] cloud-init[566]: Cloud-init v. 19.4-33-gbb4131a2-0ubuntu1~18.04.1 running 'init-local' at Tue, 18 Feb 2020 16:22:04 +0000. Up 16.54 seconds.
[[0;32m  OK  [0m] Started Initial cloud-init job (pre-networking).
[[0;32m  OK  [0m] Reached target Network (Pre).
         Starting Network Service...
[[0;32m  OK  [0m] Started Network Service.
         Starting Wait for Network to be Configured...
         Starting Network Name Resolution...
[[0;32m  OK  [0m] Started Network Name Resolution.
[[0;32m  OK  [0m] Reached target Network.
[[0;32m  OK  [0m] Reached target Host and Network Name Lookups.
[[0;32m  OK  [0m] Started Wait for Network to be Configured.
         Starting Initial cloud-init job (metadata service crawler)...
[   20.412781] cloud-init[687]: Cloud-init v. 19.4-33-gbb4131a2-0ubuntu1~18.04.1 running 'init' at Tue, 18 Feb 2020 16:22:07 +0000. Up 20.09 seconds.
[   20.419785] cloud-init[687]: ci-info: ++++++++++++++++++++++++++++++++++++++Net device info+++++++++++++++++++++++++++++++++++++++
[   20.422543] cloud-init[687]: ci-info: +--------+-------+----------------------------+---------------+--------+-------------------+
[   20.424182] cloud-init[687]: ci-info: | Device |   Up  |          Address           |      Mask     | Scope  |     Hw-Address    |
[   20.428419] cloud-init[687]: ci-info: +--------+-------+----------------------------+---------------+--------+-------------------+
[   20.432328] cloud-init[687]: ci-info: | enp0s3 |  True |         10.0.2.15          | 255.255.255.0 | global | 02:b4:6b:8c:b8:1a |
[   20.434701] cloud-init[687]: ci-info: | enp0s3 |  True | fe80::b4:6bff:fe8c:b81a/64 |       .       |  link  | 02:b4:6b:8c:b8:1a |
[   20.436397] cloud-init[687]: ci-info: | enp0s8 | False |             .              |       .       |   .    | 08:00:27:b7:89:d7 |
[   20.438433] cloud-init[687]: ci-info: |   lo   |  True |         127.0.0.1          |   255.0.0.0   |  host  |         .         |
[   20.440136] cloud-init[687]: ci-info: |   lo   |  True |          ::1/128           |       .       |  host  |         .         |
[   20.442056] cloud-init[687]: ci-info: +--------+-------+----------------------------+---------------+--------+-------------------+
[   20.457271] cloud-init[687]: ci-info: ++++++++++++++++++++++++++++Route IPv4 info+++++++++++++++++++++++++++++
[   20.458690] cloud-init[687]: ci-info: +-------+-------------+----------+-----------------+-----------+-------+
[   20.461811] cloud-init[687]: ci-info: | Route | Destination | Gateway  |     Genmask     | Interface | Flags |
[   20.464667] cloud-init[687]: ci-info: +-------+-------------+----------+-----------------+-----------+-------+
[   20.468363] cloud-init[687]: ci-info: |   0   |   0.0.0.0   | 10.0.2.2 |     0.0.0.0     |   enp0s3  |   UG  |
[   20.473530] cloud-init[687]: ci-info: |   1   |   10.0.2.0  | 0.0.0.0  |  255.255.255.0  |   enp0s3  |   U   |
[   20.475503] cloud-init[687]: ci-info: |   2   |   10.0.2.2  | 0.0.0.0  | 255.255.255.255 |   enp0s3  |   UH  |
[   20.483795] cloud-init[687]: ci-info: +-------+-------------+----------+-----------------+-----------+-------+
[   20.485840] cloud-init[687]: ci-info: +++++++++++++++++++Route IPv6 info+++++++++++++++++++
[   20.486798] cloud-init[687]: ci-info: +-------+-------------+---------+-----------+-------+
[   20.488026] cloud-init[687]: ci-info: | Route | Destination | Gateway | Interface | Flags |
[   20.490092] cloud-init[687]: ci-info: +-------+-------------+---------+-----------+-------+
[   20.492099] cloud-init[687]: ci-info: |   1   |  fe80::/64  |    ::   |   enp0s3  |   U   |
[   20.495692] cloud-init[687]: ci-info: |   3   |    local    |    ::   |   enp0s3  |   U   |
[   20.500895] cloud-init[687]: ci-info: |   4   |   ff00::/8  |    ::   |   enp0s3  |   U   |
[   20.502957] cloud-init[687]: ci-info: +-------+-------------+---------+-----------+-------+
[   22.421979] cloud-init[687]: Generating public/private rsa key pair.
[   22.422690] cloud-init[687]: Your identification has been saved in /etc/ssh/ssh_host_rsa_key.
[   22.423923] cloud-init[687]: Your public key has been saved in /etc/ssh/ssh_host_rsa_key.pub.
[   22.428157] cloud-init[687]: The key fingerprint is:
[   22.428653] cloud-init[687]: SHA256:kC+YbhWX0BE7f1oITbqd0SVYfSYGIV0A0IBa8hbWhE4 root@ubuntu-bionic
[   22.429929] cloud-init[687]: The key's randomart image is:
[   22.430882] cloud-init[687]: +---[RSA 2048]----+
[   22.440337] cloud-init[687]: |      .***+=**o  |
[   22.441137] cloud-init[687]: |    . Eoo*oo.o+ o|
[   22.452771] cloud-init[687]: |     O+.B o .. + |
[   22.453292] cloud-init[687]: |    .o+= * +     |
[   22.454096] cloud-init[687]: |    o.o S = o    |
[   22.454885] cloud-init[687]: |   . . .   +     |
[   22.455783] cloud-init[687]: |    o     .      |
[   22.460573] cloud-init[687]: |   .             |
[   22.461437] cloud-init[687]: |                 |
[   22.462251] cloud-init[687]: +----[SHA256]-----+
[   22.463084] cloud-init[687]: Generating public/private dsa key pair.
[   22.463927] cloud-init[687]: Your identification has been saved in /etc/ssh/ssh_host_dsa_key.
[   22.468337] cloud-init[687]: Your public key has been saved in /etc/ssh/ssh_host_dsa_key.pub.
[   22.469306] cloud-init[687]: The key fingerprint is:
[   22.473415] cloud-init[687]: SHA256:Ay2Pg5BF0XYP14JCNm4zyNzyUuiDXJoDXyJcdiHw/5g root@ubuntu-bionic
[   22.474327] cloud-init[687]: The key's randomart image is:
[   22.474909] cloud-init[687]: +---[DSA 1024]----+
[   22.475784] cloud-init[687]: | ..=+*=  . .     |
[   22.476625] cloud-init[687]: |. +=o*+o+ o .    |
[   22.480232] cloud-init[687]: |o.+.O.Xo.+ .     |
[   22.480676] cloud-init[687]: | = X.* B  .      |
[   22.481186] cloud-init[687]: |  B =.+ S        |
[   22.482001] cloud-init[687]: |   . o+. .       |
[   22.482839] cloud-init[687]: |     E .         |
[   22.490244] cloud-init[687]: |                 |
[   22.490738] cloud-init[687]: |                 |
[   22.491533] cloud-init[687]: +----[SHA256]-----+
[   22.492390] cloud-init[687]: Generating public/private ecdsa key pair.
[   22.493406] cloud-init[687]: Your identification has been saved in /etc/ssh/ssh_host_ecdsa_key.
[   22.496198] cloud-init[687]: Your public key has been saved in /etc/ssh/ssh_host_ecdsa_key.pub.
[   22.500248] cloud-init[687]: The key fingerprint is:
[   22.500738] cloud-init[687]: SHA256:7QYvrtcDFNpSHIh9BxjWErvWSD2/hzH1IiyP2/ugJvc root@ubuntu-bionic
[   22.502271] cloud-init[687]: The key's randomart image is:
[   22.504362] cloud-init[687]: +---[ECDSA 256]---+
[   22.508200] cloud-init[687]: |     o+Boo       |
[   22.508941] cloud-init[687]: |    ..=o* .      |
[   22.509852] cloud-init[687]: |      o*oo  .    |
[   22.512234] cloud-init[687]: |     .o+o= . .   |
[   22.516274] cloud-init[687]: |      +oS B . .  |
[   22.516960] cloud-init[687]: |     .  .B * .   |
[   22.518114] cloud-init[687]: |        ooO .    |
[   22.519032] cloud-init[687]: |      ..+*oo     |
[   22.519889] cloud-init[687]: |      .*+.E+.    |
[   22.523455] cloud-init[687]: +----[SHA256]-----+
[   22.524353] cloud-init[687]: Generating public/private ed25519 key pair.
[   22.525402] cloud-init[687]: Your identification has been saved in /etc/ssh/ssh_host_ed25519_key.
[   22.526578] cloud-init[687]: Your public key has been saved in /etc/ssh/ssh_host_ed25519_key.pub.
[   22.527866] [[0;32m  OK  [0m] Started Initial cloud-init job (metadata service crawler).
[[0;32m  OK  [0m] Reached target Network is Online.
cloud-init[687]: The key fingerprint is:
[   22.531564] cloud-init[687]: SHA256:BBhFRS53CbebDNjNFpSAH0zr0RqfFMcRjjIdevK15R8 root@ubuntu-bionic
[   22.532720] cloud-init[687]: The key's randomart image is:
[   22.533335] cloud-init[687]: +--[ED25519 256]--+
[   22.534347] cloud-init[687]: |    .=+**o*o+o   |
[   22.535348] cloud-init[687]: |    . .=oX.X.    |
[   22.536633] cloud-init         Starting Availability of block devices...
[[0;32m  OK  [0m] Reached target Remote File Systems (Pre).
[[0;32m  OK  [0m] Reached target Remote File Systems.
[[0;32m  OK  [0m] Reached target Cloud-config availability.
[[0;32m  OK  [0m] Reached target System Initialization.
[[0;32m  OK  [0m] Started Message of the Day.
[[0;32m  OK  [0m] Started Discard unused blocks once a week.
[687]: |      o.#.& o .  |
[[0;32m  OK  [0m] Listening on ACPID Listen Socket.
[   22.552561] cloud-init[687]: |       =.^ = +   |
         Starting Socket activation for snappy daemon.
[   22.559587] cloud-init[[0;32m  OK  [0m] Started Daily apt download activities.
[687]: |        S B . .E |
[   22.565862] cloud-init[687]: |               ..|
[   22.568071] cloud-init[687]: |                .|
[   22.570314] cloud-init[687]: |                 |
[   22.570927] cloud-init[687]: |                 |
[   22.572204] cloud-init[687]: +----[SHA256]-----+
[[0;32m  OK  [0m] Started ACPI Events Check.
[[0;32m  OK  [0m] Reached target Paths.
[[0;32m  OK  [0m] Started Daily Cleanup of Temporary Directories.
         Starting LXD - unix socket.
[[0;32m  OK  [0m] Listening on D-Bus System Message Bus Socket.
[[0;32m  OK  [0m] Started Daily apt upgrade and clean activities.
[[0;32m  OK  [0m] Reached target Timers.
[[0;32m  OK  [0m] Listening on Open-iSCSI iscsid Socket.
[[0;32m  OK  [0m] Listening on UUID daemon activation socket.
[[0;32m  OK  [0m] Started Availability of block devices.
[[0;32m  OK  [0m] Listening on Socket activation for snappy daemon.
[[0;32m  OK  [0m] Listening on LXD - unix socket.
[[0;32m  OK  [0m] Reached target Sockets.
[[0;32m  OK  [0m] Reached target Basic System.
         Starting Virtualbox guest utils...
[[0;32m  OK  [0m] Started FUSE filesystem for LXC.
         Starting LXD - container startup/shutdown...
         Starting System Logging Service...
[[0;32m  OK  [0m] Started Regular background program processing daemon.
         Starting Accounts Service...
         Starting Permit User Sessions...
[[0;32m  OK  [0m] Started irqbalance daemon.
         Starting LSB: Record successful boot for GRUB...
         Starting Pollinate to seed the pseudo random number generator...
         Starting Dispatcher daemon for systemd-networkd...
[[0;32m  OK  [0m] Started Deferred execution scheduler.
         Starting LSB: automatic crash report generation...
         Starting Login Service...
         Starting Snappy daemon...
[[0;32m  OK  [0m] Started D-Bus System Message Bus.
[[0;32m  OK  [0m] Started Login Service.
[[0;32m  OK  [0m] Started Unattended Upgrades Shutdown.
[[0;32m  OK  [0m] Started System Logging Service.
[[0;32m  OK  [0m] Started Permit User Sessions.
         Starting Terminate Plymouth Boot Screen...
         Starting Hold until boot process finishes up...
[[0;32m  OK  [0m] Started Hold until boot process finishes up.
         Starting Set console scheme...
[[0;32m  OK  [0m] Started Serial Getty on ttyS0.
[[0;32m  OK  [0m] Started Terminate Plymouth Boot Screen.
         Starting Authorization Manager...
[[0;32m  OK  [0m] Started Set console scheme.
[[0;32m  OK  [0m] Created slice system-getty.slice.
[[0;32m  OK  [0m] Started Getty on tty1.
[[0;32m  OK  [0m] Reached target Login Prompts.
[[0;32m  OK  [0m] Started LSB: automatic crash report generation.
[[0;32m  OK  [0m] Started LSB: Record successful boot for GRUB.
[[0;32m  OK  [0m] Started Authorization Manager.
[[0;32m  OK  [0m] Started Accounts Service.
[[0;32m  OK  [0m] Started Virtualbox guest utils.
[[0;32m  OK  [0m] Started Dispatcher daemon for systemd-networkd.
[[0;32m  OK  [0m] Started LXD - container startup/shutdown.
[[0;32m  OK  [0m] Started Snappy daemon.
         Starting Wait until snapd is fully seeded...
[[0;32m  OK  [0m] Started Pollinate to seed the pseudo random number generator.
         Starting OpenBSD Secure Shell server...
[[0;32m  OK  [0m] Started OpenBSD Secure Shell server.

Ubuntu 18.04.4 LTS ubuntu-bionic ttyS0

ubuntu-bionic login: [   39.419821] cloud-init[1323]: Cloud-init v. 19.4-33-gbb4131a2-0ubuntu1~18.04.1 running 'modules:config' at Tue, 18 Feb 2020 16:22:23 +0000. Up 35.47 seconds.
ci-info: no authorized SSH keys fingerprints found for user ubuntu.
<14>Feb 18 16:22:28 ec2: 
<14>Feb 18 16:22:28 ec2: #############################################################
<14>Feb 18 16:22:28 ec2: -----BEGIN SSH HOST KEY FINGERPRINTS-----
<14>Feb 18 16:22:28 ec2: 1024 SHA256:Ay2Pg5BF0XYP14JCNm4zyNzyUuiDXJoDXyJcdiHw/5g root@ubuntu-bionic (DSA)
<14>Feb 18 16:22:28 ec2: 256 SHA256:7QYvrtcDFNpSHIh9BxjWErvWSD2/hzH1IiyP2/ugJvc root@ubuntu-bionic (ECDSA)
<14>Feb 18 16:22:28 ec2: 256 SHA256:BBhFRS53CbebDNjNFpSAH0zr0RqfFMcRjjIdevK15R8 root@ubuntu-bionic (ED25519)
<14>Feb 18 16:22:28 ec2: 2048 SHA256:kC+YbhWX0BE7f1oITbqd0SVYfSYGIV0A0IBa8hbWhE4 root@ubuntu-bionic (RSA)
<14>Feb 18 16:22:28 ec2: -----END SSH HOST KEY FINGERPRINTS-----
<14>Feb 18 16:22:28 ec2: #############################################################
-----BEGIN SSH HOST KEY KEYS-----
ecdsa-sha2-nistp256 AAAAE2VjZHNhLXNoYTItbmlzdHAyNTYAAAAIbmlzdHAyNTYAAABBBP38rnilDxlYZkBoARFC15U2Fr1rZ6bvqWFh+SihOHv7eBI6TIiHjYu0gevCxj4SmIuk+b5vvHv+pdZyrPqXBM0= root@ubuntu-bionic
ssh-ed25519 AAAAC3NzaC1lZDI1NTE5AAAAIGLzEIQLtL7wanl35XtY/TDSvTVvb5xdLcphDV6tqt15 root@ubuntu-bionic
ssh-rsa AAAAB3NzaC1yc2EAAAADAQABAAABAQDlNu9Kjk9RNBzsN5MLIOccpmzpJvhPqc08mr01RyI8fJ/5OzKjIwOfETFARNAalYCtJt+v/21kf3g0Qi9DxPEVLfKWcJRlqRUk5OsGifZGoOQUNrC3K+0cuAJObSMfijBg8UypurpJkrOlavgJB+SpbTRmEw/SKjg0ITwSZXcB8yjlSl/6dg7TuzZOAxuu456ivk5t5s32VzO1lkuiGeUdqdzrbyZ5+N5YpR9M80SqotZYwzzYNW55/3doqJ5daoPOjC9DXRe6ewTVpeYQtekrmO1424idJui7VbwGf4WsYHrkjkKg92PE0bKLzDxTvJNOT/HV4z3gOSS1bd2cB6ph root@ubuntu-bionic
-----END SSH HOST KEY KEYS-----
[   41.004230] cloud-init[1422]: Cloud-init v. 19.4-33-gbb4131a2-0ubuntu1~18.04.1 running 'modules:final' at Tue, 18 Feb 2020 16:22:28 +0000. Up 40.51 seconds.
[   41.008649] cloud-init[1422]: ci-info: no authorized SSH keys fingerprints found for user ubuntu.
[   41.018578] cloud-init[1422]: Cloud-init v. 19.4-33-gbb4131a2-0ubuntu1~18.04.1 finished at Tue, 18 Feb 2020 16:22:28 +0000. Datasource DataSourceNoCloud [seed=/dev/sdb][dsmode=net].  Up 40.98 seconds
